phecda_client/android_project/channel/build/outputs/mapping/release/configuration.txt
# The proguard configuration file for the following section is intermediates\proguard-files\proguard-android.txt-4.1.0
# This is a configuration file for ProGuard.
# http://proguard.sourceforge.net/index.html#manual/usage.html
#
# Starting with version 2.2 of the Android plugin for Gradle, this file is distributed together with
# the plugin and unpacked at build-time. The files in $ANDROID_HOME are no longer maintained and
# will be ignored by new version of the Android plugin for Gradle.

# Optimization is turned off by default. Dex does not like code run
# through the ProGuard optimize steps (and performs some
# of these optimizations on its own).
# Note that if you want to enable optimization, you cannot just
# include optimization flags in your own project configuration file;
# instead you will need to point to the
# "proguard-android-optimize.txt" file instead of this one from your
# project.properties file.
-dontoptimize

-dontusemixedcaseclassnames
-dontskipnonpubliclibraryclasses
-verbose

# Preserve some attributes that may be required for reflection.
-keepattributes *Annotation*,Signature,InnerClasses,EnclosingMethod

-keep public class com.google.vending.licensing.ILicensingService
-keep public class com.android.vending.licensing.ILicensingService
-keep public class com.google.android.vending.licensing.ILicensingService
-dontnote com.android.vending.licensing.ILicensingService
-dontnote com.google.vending.licensing.ILicensingService
-dontnote com.google.android.vending.licensing.ILicensingService

# For native methods, see http://proguard.sourceforge.net/manual/examples.html#native
-keepclasseswithmembernames,includedescriptorclasses class * {
    native <methods>;
}

# Keep setters in Views so that animations can still work.
-keepclassmembers public class * extends android.view.View {
    void set*(***);
    *** get*();
}

# We want to keep methods in Activity that could be used in the XML attribute onClick.
-keepclassmembers class * extends android.app.Activity {
    public void *(android.view.View);
}

# For enumeration classes, see http://proguard.sourceforge.net/manual/examples.html#enumerations
-keepclassmembers enum * {
    public static **[] values();
    public static ** valueOf(java.lang.String);
}

-keepclassmembers class * implements android.os.Parcelable {
    public static final ** CREATOR;
}

# Preserve annotated Javascript interface methods.
-keepclassmembers class * {
    @android.webkit.JavascriptInterface <methods>;
}

# The support libraries contains references to newer platform versions.
# Don't warn about those in case this app is linking against an older
# platform version. We know about them, and they are safe.
-dontnote android.support.**
-dontnote androidx.**
-dontwarn android.support.**
-dontwarn androidx.**

# This class is deprecated, but remains for backward compatibility.
-dontwarn android.util.FloatMath

# Understand the @Keep support annotation.
-keep class android.support.annotation.Keep
-keep class androidx.annotation.Keep

-keep @android.support.annotation.Keep class * {*;}
-keep @androidx.annotation.Keep class * {*;}

-keepclasseswithmembers class * {
    @android.support.annotation.Keep <methods>;
}

-keepclasseswithmembers class * {
    @androidx.annotation.Keep <methods>;
}

-keepclasseswithmembers class * {
    @android.support.annotation.Keep <fields>;
}

-keepclasseswithmembers class * {
    @androidx.annotation.Keep <fields>;
}

-keepclasseswithmembers class * {
    @android.support.annotation.Keep <init>(...);
}

-keepclasseswithmembers class * {
    @androidx.annotation.Keep <init>(...);
}

# These classes are duplicated between android.jar and org.apache.http.legacy.jar.
-dontnote org.apache.http.**
-dontnote android.net.http.**

# These classes are duplicated between android.jar and core-lambda-stubs.jar.
-dontnote java.lang.invoke.**

# End of content from intermediates\proguard-files\proguard-android.txt-4.1.0
# The proguard configuration file for the following section is channel\com.casino.brl\proguard-rules.pro
# Add project specific ProGuard rules here.
# By default, the flags in this file are appended to flags specified
# in E:\developSoftware\Android\SDK/tools/proguard/proguard-android.txt
# You can edit the include path and order by changing the proguardFiles
# directive in build.gradle.
#
# For more details, see
#   http://developer.android.com/guide/developing/tools/proguard.html

# Add any project specific keep options here:

# If your project uses WebView with JS, uncomment the following
# and specify the fully qualified class name to the JavaScript interface
# class:
#-keepclassmembers class fqcn.of.javascript.interface.for.webview {
#   public *;
#}

# Proguard Cocos2d-x-lite for release
-keep public class com.cocos.** { *; }
-dontwarn com.cocos.**

# Proguard Apache HTTP for release
-keep class org.apache.http.** { *; }
-dontwarn org.apache.http.**

# Proguard okhttp for release
-keep class okhttp3.** { *; }
-dontwarn okhttp3.**

-keep class okio.** { *; }
-dontwarn okio.**

# Proguard Android Webivew for release. you can comment if you are not using a webview
-keep public class android.net.http.SslError
-keep public class android.webkit.WebViewClient

-keep class com.adjust.sdk.**{ *; }
-keep class com.google.android.gms.common.ConnectionResult {
    int SUCCESS;
}
-keep class com.google.android.gms.ads.identifier.AdvertisingIdClient {
    com.google.android.gms.ads.identifier.AdvertisingIdClient$Info getAdvertisingIdInfo(android.content.Context);
}
-keep class com.google.android.gms.ads.identifier.AdvertisingIdClient$Info {
    java.lang.String getId();
    boolean isLimitAdTrackingEnabled();
}
-keep public class com.android.installreferrer.**{ *; }
-keep public class com.adjust.sdk.**{ *; }

-keep class com.appsflyer. { *; }
-keep class kotlin.jvm.internal. { *; }


-dontwarn android.webkit.WebView
-dontwarn android.net.http.SslError
-dontwarn android.webkit.WebViewClient

# End of content from channel\com.casino.brl\proguard-rules.pro
# The proguard configuration file for the following section is aapt_proguard_file\release\aapt_rules.txt
-keep class androidx.core.app.CoreComponentFactory { <init>(); }
-keep class com.adjust.sdk.AdjustReferrerReceiver { <init>(); }
-keep class com.cocos.game.AppActivity { <init>(); }
-keep class com.cocos.lib.CocosEditBoxActivity { <init>(); }
-keep class com.facebook.AuthenticationTokenManager$CurrentAuthenticationTokenChangedBroadcastReceiver { <init>(); }
-keep class com.facebook.CurrentAccessTokenExpirationBroadcastReceiver { <init>(); }
-keep class com.facebook.CustomTabActivity { <init>(); }
-keep class com.facebook.CustomTabMainActivity { <init>(); }
-keep class com.facebook.FacebookActivity { <init>(); }
-keep class com.facebook.internal.FacebookInitProvider { <init>(); }
-keep class android.widget.Space { <init>(android.content.Context, android.util.AttributeSet); }

-keep class androidx.appcompat.app.AlertController$RecycleListView { <init>(android.content.Context, android.util.AttributeSet); }

-keep class androidx.appcompat.view.menu.ActionMenuItemView { <init>(android.content.Context, android.util.AttributeSet); }

-keep class androidx.appcompat.view.menu.ExpandedMenuView { <init>(android.content.Context, android.util.AttributeSet); }

-keep class androidx.appcompat.view.menu.ListMenuItemView { <init>(android.content.Context, android.util.AttributeSet); }

-keep class androidx.appcompat.widget.ActionBarContainer { <init>(android.content.Context, android.util.AttributeSet); }

-keep class androidx.appcompat.widget.ActionBarContextView { <init>(android.content.Context, android.util.AttributeSet); }

-keep class androidx.appcompat.widget.ActionBarOverlayLayout { <init>(android.content.Context, android.util.AttributeSet); }

-keep class androidx.appcompat.widget.ActionMenuView { <init>(android.content.Context, android.util.AttributeSet); }

-keep class androidx.appcompat.widget.ActivityChooserView$InnerLayout { <init>(android.content.Context, android.util.AttributeSet); }

-keep class androidx.appcompat.widget.AlertDialogLayout { <init>(android.content.Context, android.util.AttributeSet); }

-keep class androidx.appcompat.widget.AppCompatImageView { <init>(android.content.Context, android.util.AttributeSet); }

-keep class androidx.appcompat.widget.ButtonBarLayout { <init>(android.content.Context, android.util.AttributeSet); }

-keep class androidx.appcompat.widget.ContentFrameLayout { <init>(android.content.Context, android.util.AttributeSet); }

-keep class androidx.appcompat.widget.DialogTitle { <init>(android.content.Context, android.util.AttributeSet); }

-keep class androidx.appcompat.widget.FitWindowsFrameLayout { <init>(android.content.Context, android.util.AttributeSet); }

-keep class androidx.appcompat.widget.FitWindowsLinearLayout { <init>(android.content.Context, android.util.AttributeSet); }

-keep class androidx.appcompat.widget.SearchView$SearchAutoComplete { <init>(android.content.Context, android.util.AttributeSet); }

-keep class androidx.appcompat.widget.Toolbar { <init>(android.content.Context, android.util.AttributeSet); }

-keep class androidx.appcompat.widget.ViewStubCompat { <init>(android.content.Context, android.util.AttributeSet); }

-keep class androidx.browser.browseractions.BrowserActionsFallbackMenuView { <init>(android.content.Context, android.util.AttributeSet); }

-keep class androidx.cardview.widget.CardView { <init>(android.content.Context, android.util.AttributeSet); }

-keep class androidx.core.widget.NestedScrollView { <init>(android.content.Context, android.util.AttributeSet); }


# End of content from aapt_proguard_file\release\aapt_rules.txt
# The proguard configuration file for the following section is META-INF\proguard\okhttp3.pro
# JSR 305 annotations are for embedding nullability information.
-dontwarn javax.annotation.**

# A resource is loaded with a relative path so the package of this class must be preserved.
-keepnames class org.cocos2dx.okhttp3.internal.publicsuffix.PublicSuffixDatabase

# Animal Sniffer compileOnly dependency to ensure APIs are compatible with older versions of Java.
-dontwarn org.codehaus.mojo.animal_sniffer.*

# OkHttp platform used only on JVM and when Conscrypt dependency is available.
-dontwarn org.cocos2dx.okhttp3.internal.platform.ConscryptPlatform

# End of content from META-INF\proguard\okhttp3.pro
# The proguard configuration file for the following section is transformed\jetified-facebook-login-18.0.3\proguard.txt
# Copyright (c) Meta Platforms, Inc. and affiliates.
# All rights reserved.
#
# This source code is licensed under the license found in the
# LICENSE file in the root directory of this source tree.

# To enable ProGuard in your project, edit project.properties
# to define the proguard.config property as described in that file.
#
# Add project specific ProGuard rules here.
# By default, the flags in this file are appended to flags specified
# in ${sdk.dir}/tools/proguard/proguard-android.txt
# You can edit the include path and order by changing the ProGuard
# include property in project.properties.
#
# For more details, see
#   http://developer.android.com/guide/developing/tools/proguard.html

# Add any project specific keep options here:

# If your project uses WebView with JS, uncomment the following
# and specify the fully qualified class name to the JavaScript interface
# class:
#-keepclassmembers class fqcn.of.javascript.interface.for.webview {
#   public *;
#}

-keepclassmembers class * implements java.io.Serializable {
    private static final java.io.ObjectStreamField[] serialPersistentFields;
    private void writeObject(java.io.ObjectOutputStream);
    private void readObject(java.io.ObjectInputStream);
    java.lang.Object writeReplace();
    java.lang.Object readResolve();
}

-keepnames class com.facebook.FacebookActivity
-keepnames class com.facebook.CustomTabActivity

-keep class com.facebook.login.Login

# End of content from transformed\jetified-facebook-login-18.0.3\proguard.txt
# The proguard configuration file for the following section is transformed\jetified-facebook-common-18.0.3\proguard.txt
# Copyright (c) Meta Platforms, Inc. and affiliates.
# All rights reserved.
#
# This source code is licensed under the license found in the
# LICENSE file in the root directory of this source tree.

# To enable ProGuard in your project, edit project.properties
# to define the proguard.config property as described in that file.
#
# Add project specific ProGuard rules here.
# By default, the flags in this file are appended to flags specified
# in ${sdk.dir}/tools/proguard/proguard-android.txt
# You can edit the include path and order by changing the ProGuard
# include property in project.properties.
#
# For more details, see
#   http://developer.android.com/guide/developing/tools/proguard.html

# Add any project specific keep options here:

# If your project uses WebView with JS, uncomment the following
# and specify the fully qualified class name to the JavaScript interface
# class:
#-keepclassmembers class fqcn.of.javascript.interface.for.webview {
#   public *;
#}

-keepclassmembers class * implements java.io.Serializable {
    private static final java.io.ObjectStreamField[] serialPersistentFields;
    private void writeObject(java.io.ObjectOutputStream);
    private void readObject(java.io.ObjectInputStream);
    java.lang.Object writeReplace();
    java.lang.Object readResolve();
}

-keepnames class com.facebook.FacebookActivity
-keepnames class com.facebook.CustomTabActivity

-keep class com.facebook.common.Common

# End of content from transformed\jetified-facebook-common-18.0.3\proguard.txt
# The proguard configuration file for the following section is transformed\jetified-facebook-core-18.0.3\proguard.txt
# Copyright (c) Meta Platforms, Inc. and affiliates.
# All rights reserved.
#
# This source code is licensed under the license found in the
# LICENSE file in the root directory of this source tree.

# To enable ProGuard in your project, edit project.properties
# to define the proguard.config property as described in that file.
#
# Add project specific ProGuard rules here.
# By default, the flags in this file are appended to flags specified
# in ${sdk.dir}/tools/proguard/proguard-android.txt
# You can edit the include path and order by changing the ProGuard
# include property in project.properties.
#
# For more details, see
#   http://developer.android.com/guide/developing/tools/proguard.html

# Add any project specific keep options here:

# If your project uses WebView with JS, uncomment the following
# and specify the fully qualified class name to the JavaScript interface
# class:
#-keepclassmembers class fqcn.of.javascript.interface.for.webview {
#   public *;
#}

-keepclassmembers,allowoptimization enum * {
    public static **[] values();
    public static ** valueOf(java.lang.String);
}

-keepclassmembers class * implements java.io.Serializable {
    private static final java.io.ObjectStreamField[] serialPersistentFields;
    private void writeObject(java.io.ObjectOutputStream);
    private void readObject(java.io.ObjectInputStream);
    java.lang.Object writeReplace();
    java.lang.Object readResolve();
}

-keepnames class com.facebook.FacebookActivity
-keepnames class com.facebook.CustomTabActivity

-keepnames class com.android.installreferrer.api.InstallReferrerClient
-keepnames class com.android.installreferrer.api.InstallReferrerStateListener
-keepnames class com.android.installreferrer.api.ReferrerDetails

-keep class com.facebook.core.Core

# keep class names and method names used by reflection by InAppPurchaseEventManager
-keep public class com.android.vending.billing.IInAppBillingService {
    public <methods>;
}
-keep public class com.android.vending.billing.IInAppBillingService$Stub {
    public <methods>;
}

# End of content from transformed\jetified-facebook-core-18.0.3\proguard.txt
# The proguard configuration file for the following section is transformed\jetified-af-android-sdk-6.13.1\proguard.txt



-keeppackagenames com.appsflyer.internal,com.appsflyer
-dontwarn com.android.installreferrer,com.appsflyer.**




# https://support.appsflyer.com/hc/en-us/articles/207032126-AppsFlyer-SDK-Integration-Android#11-known-issues
# Also will make it easier to investigate stack traces coming from clients
-keep class com.appsflyer.** {
    <fields>;    <methods>;
}

-keep public class com.android.installreferrer.** {
    <fields>;    <methods>;
}

-keep class com.appsflyer.internal.AFa1vSDK$2839$4 {
    <init>(java.lang.Object);
}

-keep class com.appsflyer.internal.AFa1vSDK$2839$AFa1zSDK {
    com.appsflyer.internal.AFa1vSDK$2839$AFa1zSDK AFInAppEventParameterName;    com.appsflyer.internal.AFa1vSDK$2839$AFa1zSDK AFKeystoreWrapper;    java.lang.String AFInAppEventType;}

-keep class com.appsflyer.internal.AFa1vSDK$2839$AFa1uSDK {
    com.appsflyer.internal.AFa1vSDK$2839$AFa1uSDK AFInAppEventParameterName;    com.appsflyer.internal.AFa1vSDK$2839$AFa1uSDK AFInAppEventType;    java.lang.String AFKeystoreWrapper;}

-keepclassmembers,allowoptimization,allowobfuscation class com.appsflyer.internal.AFa1tSDK {
    <init>();
}

-keep class com.appsflyer.internal.AFa1pSDK {
    int registerClient;    com.appsflyer.internal.AFa1pSDK AFInAppEventType(java.lang.String,java.lang.Object);
    java.util.Map valueOf();
    boolean AFInAppEventParameterName();
    boolean registerClient();
}

-keepclassmembers,allowoptimization,allowobfuscation class com.appsflyer.internal.AFa1pSDK {
    <init>();
}

-keepclassmembers,allowoptimization,allowobfuscation class com.appsflyer.internal.AFa1oSDK {
    <init>();
}

-keepclassmembers,allowoptimization,allowobfuscation class com.appsflyer.internal.AFa1qSDK {
    <init>();
}

-keep class com.appsflyer.internal.AFa1lSDK$31399$5 {
    <init>();
}

-keep class com.appsflyer.internal.AFa1jSDK$23283$AFa1vSDK {
    com.appsflyer.internal.AFa1jSDK$23283$AFa1vSDK valueOf;    com.appsflyer.internal.AFa1jSDK$23283$AFa1vSDK AFKeystoreWrapper;    com.appsflyer.internal.AFa1jSDK$23283$AFa1vSDK AFInAppEventType;    com.appsflyer.internal.AFa1jSDK$23283$AFa1vSDK AFInAppEventParameterName;    com.appsflyer.internal.AFa1jSDK$23283$AFa1vSDK values;    com.appsflyer.internal.AFa1jSDK$23283$AFa1vSDK d;}

-keep class com.appsflyer.AFLogger {
    com.appsflyer.AFLogger INSTANCE;    void afRDLog(java.lang.String);
    void afDebugLog(java.lang.String);
    void afErrorLogForExcManagerOnly(java.lang.String,java.lang.Throwable);
    void afErrorLog(java.lang.String,java.lang.Throwable,boolean);
    void afWarnLog(java.lang.String);
}

-keepclassmembers,allowoptimization,allowobfuscation class com.appsflyer.AFLogger {
    <init>();
}

-keep,allowshrinking,allowobfuscation class com.appsflyer.AFLogger$1 {
    void values(com.appsflyer.internal.AFg1hSDK);
}

-keep,allowshrinking,allowobfuscation class com.appsflyer.AFLogger$3 {
    void valueOf(com.appsflyer.internal.AFg1hSDK);
}

-keep,allowshrinking,allowobfuscation class com.appsflyer.AFLogger$5 {
    java.util.concurrent.ExecutorService AFInAppEventType();
}

-keepclassmembers,allowoptimization,allowobfuscation class com.appsflyer.AFLogger$5 {
    <init>();
}

-keep,allowshrinking,allowobfuscation class com.appsflyer.AFLogger$4 {
    void AFKeystoreWrapper(com.appsflyer.internal.AFg1hSDK);
}

-keep,allowshrinking,allowobfuscation class com.appsflyer.AFLogger$2 {
    void valueOf(com.appsflyer.internal.AFg1hSDK);
}

-keep,allowshrinking,allowobfuscation class com.appsflyer.AFLogger$6 {
    java.util.Set values();
}

-keepclassmembers,allowoptimization,allowobfuscation class com.appsflyer.AFLogger$6 {
    <init>();
}

-keep,allowshrinking,allowobfuscation class com.appsflyer.AFLogger$8 {
    void values(com.appsflyer.internal.AFg1hSDK);
}

-keep,allowshrinking,allowobfuscation class com.appsflyer.AFLogger$9 {
    void values(com.appsflyer.internal.AFg1hSDK);
}