phecda_client/android_project/channel/build/outputs/mapping/release/seeds.txt
com.adjust.sdk.InstallReferrerHuawei: java.lang.String REFERRER_PROVIDER_AUTHORITY
com.cocos.service.R$styleable: int FontFamily_fontProviderAuthority
com.cocos.service.R$anim: int btn_radio_to_off_mtrl_dot_group_animation
com.adjust.sdk.IActivityHandler: void setPushToken(java.lang.String,boolean)
com.adjust.sdk.Constants: java.lang.String LOW
com.appsflyer.internal.AFi1dSDK: void AFInAppEventParameterName()
com.appsflyer.internal.AFf1rSDK: com.appsflyer.internal.AFg1xSDK registerClient
com.adjust.sdk.Constants: java.lang.String CONTENT_PROVIDER_INTENT_ACTION
com.cocos.service.R$color: int abc_search_url_text_selected
com.cocos.service.R$styleable: int AppCompatTheme_actionModeSplitBackground
com.appsflyer.AppsFlyerProperties: java.lang.String USER_EMAILS
com.android.installreferrer.api.InstallReferrerClient: void startConnection(com.android.installreferrer.api.InstallReferrerStateListener)
com.appsflyer.R$dimen: int abc_action_bar_icon_vertical_padding_material
com.appsflyer.AFKeystoreWrapper: boolean valueOf()
com.appsflyer.R$styleable: int MenuItem_tooltipText
com.adjust.sdk.GooglePlayServicesClient$GooglePlayServicesInfo: GooglePlayServicesClient$GooglePlayServicesInfo(java.lang.String,java.lang.Boolean)
com.adjust.sdk.SdkClickHandler
com.adjust.sdk.webbridge.AdjustBridgeInstance: void disableThirdPartySharing()
com.appsflyer.internal.AFb1cSDK$AFa1zSDK: com.appsflyer.internal.AFb1cSDK$AFa1zSDK values
com.appsflyer.R$style: int Platform_V21_AppCompat_Light
com.cocos.lib.CocosWebViewHelper: boolean canGoForward(int)
com.adjust.sdk.ActivityHandler$40: com.adjust.sdk.ActivityHandler this$0
com.appsflyer.R$style: int Base_Widget_AppCompat_Toolbar
com.adjust.sdk.AdjustEventFailure: java.lang.String timestamp
androidx.core.widget.NestedScrollView: void setNestedScrollingEnabled(boolean)
com.adjust.sdk.ActivityHandler: void access$1000(com.adjust.sdk.ActivityHandler,com.adjust.sdk.AdjustEvent)
com.appsflyer.internal.AFi1eSDK: java.lang.String unregisterClient
com.appsflyer.R$color: int abc_tint_edittext
com.cocos.service.R$layout: int notification_template_big_media
com.appsflyer.internal.AFb1tSDK: void AFInAppEventType(android.content.Context,java.lang.String)
androidx.appcompat.widget.SearchView: void setOnSuggestionListener(androidx.appcompat.widget.SearchView$OnSuggestionListener)
com.cocos.service.R$anim: int abc_popup_exit
androidx.vectordrawable.graphics.drawable.VectorDrawableCompat$VFullPath: float getTrimPathStart()
kotlin.jvm.internal.Ref$ObjectRef
com.adjust.sdk.ActivityState: long lastActivity
com.appsflyer.R$styleable: int AppCompatTextView_lastBaselineToBottomHeight
com.cocos.service.R$drawable: int abc_list_pressed_holo_light
com.adjust.sdk.AdjustConfig: void setExternalDeviceId(java.lang.String)
com.cocos.service.R$string: int search_menu_title
com.appsflyer.R$styleable: int SwitchCompat_trackTint
com.facebook.login.DeviceAuthDialog$RequestState: android.os.Parcelable$Creator CREATOR
com.adjust.sdk.AdjustTestOptions: java.lang.Boolean teardown
com.appsflyer.R$drawable: int abc_btn_colored_material
com.cocos.service.R$id: int action_text
com.cocos.lib.CocosVideoHelper: int VideoTaskKeepRatio
com.appsflyer.internal.AFe1oSDK: byte[] e
com.adjust.sdk.PackageHandler: com.adjust.sdk.network.IActivityPackageSender activityPackageSender
com.appsflyer.internal.AFd1pSDK: void values(java.lang.String,int)
com.appsflyer.internal.AFb1gSDK: AFb1gSDK()
com.appsflyer.AppsFlyerLib: void start(android.content.Context,java.lang.String,com.appsflyer.attribution.AppsFlyerRequestListener)
com.adjust.sdk.webbridge.AdjustBridgeInstance$4: com.adjust.sdk.webbridge.AdjustBridgeInstance this$0
com.appsflyer.internal.AFb1cSDK: AFb1cSDK()
com.appsflyer.internal.AFe1gSDK: com.appsflyer.internal.AFe1kSDK e
com.adjust.sdk.ActivityHandler: void gotOptOutResponseI()
com.appsflyer.R$dimen: int abc_dialog_fixed_height_minor
com.adjust.sdk.ActivityState
com.google.zxing.oned.Code128Writer$CType: com.google.zxing.oned.Code128Writer$CType[] values()