phecda_client/android_project/channel/build/outputs/mapping/release/mapping.txt
# compiler: R8
# compiler_version: 2.1.62
# min_api: 21
# pg_map_id: a037a4a
# common_typos_disable
...
com.facebook.internal.instrument.crashreport.CrashHandler -> com.facebook.internal.t0.m.c:
    java.lang.Thread$UncaughtExceptionHandler previousHandler -> a
    com.facebook.internal.instrument.crashreport.CrashHandler$Companion Companion -> b
    java.lang.String TAG -> c
    com.facebook.internal.instrument.crashreport.CrashHandler instance -> d
    35:35:void <clinit>() -> <clinit>
    22:24:void <init>(java.lang.Thread$UncaughtExceptionHandler) -> <init>
    22:22:com.facebook.internal.instrument.crashreport.CrashHandler access$getInstance$cp() -> a
    22:22:java.lang.String access$getTAG$cp() -> b
    22:22:void access$setInstance$cp(com.facebook.internal.instrument.crashreport.CrashHandler) -> c
    27:32:void uncaughtException(java.lang.Thread,java.lang.Throwable) -> uncaughtException
com.facebook.internal.instrument.crashreport.CrashHandler$Companion -> com.facebook.internal.t0.m.c$a:
    34:34:void <init>() -> <init>
    41:52:void enable() -> a
    void lambda$-v0YLV3Ziff8n01_1rTOoaR-C2g(java.util.List,com.facebook.GraphResponse) -> b
    int lambda$JgarjwKLwvIzNMWtHEyLTag7cEg(com.facebook.internal.instrument.InstrumentData,com.facebook.internal.instrument.InstrumentData) -> c
    60:97:void sendExceptionReports() -> d
    68:68:int sendExceptionReports$lambda$2(com.facebook.internal.instrument.InstrumentData,com.facebook.internal.instrument.InstrumentData) -> e
    77:99:void sendExceptionReports$lambda$5(java.util.List,com.facebook.GraphResponse) -> f
com.facebook.internal.instrument.crashshield.CrashShieldHandler -> com.facebook.internal.t0.n.a:
    com.facebook.internal.instrument.crashshield.CrashShieldHandler INSTANCE -> a
    java.util.Set crashingObjects -> b
    boolean enabled -> c
    22:22:void <clinit>() -> <clinit>
    21:21:void <init>() -> <init>
    27:28:void enable() -> a
    38:47:void handleThrowable(java.lang.Throwable,java.lang.Object) -> b
    66:66:boolean isDebug() -> c
    51:51:boolean isObjectCrashing(java.lang.Object) -> d
    71:82:void scheduleCrashInDebug(java.lang.Throwable) -> e
com.facebook.internal.instrument.crashshield.CrashShieldHandler$scheduleCrashInDebug$1 -> com.facebook.internal.t0.n.a$a:
    java.lang.Throwable $e -> b
    74:74:void <init>(java.lang.Throwable) -> <init>
    78:78:void run() -> run
com.facebook.internal.instrument.errorreport.-$$Lambda$ErrorReportHandler$Ig3-FQ1deqzOTfFl9Hk8BqYyGsU -> com.facebook.internal.t0.o.a:
    com.facebook.internal.instrument.errorreport.-$$Lambda$ErrorReportHandler$Ig3-FQ1deqzOTfFl9Hk8BqYyGsU INSTANCE -> a
com.facebook.internal.instrument.errorreport.-$$Lambda$ErrorReportHandler$sbpUlD2ah8U-fjQvF-sbjCeoAyY -> com.facebook.internal.t0.o.b:
    java.util.ArrayList f$0 -> a
    void onCompleted(com.facebook.GraphResponse) -> a
com.facebook.internal.instrument.errorreport.-$$Lambda$ErrorReportHandler$zMxKoS_mCGwOfCnitmURpGpo3GQ -> com.facebook.internal.t0.o.c:
    com.facebook.internal.instrument.errorreport.-$$Lambda$ErrorReportHandler$zMxKoS_mCGwOfCnitmURpGpo3GQ INSTANCE -> a
com.facebook.internal.instrument.errorreport.ErrorReportData -> com.facebook.internal.t0.o.d:
    java.lang.Long timestamp -> c
    java.lang.String filename -> a
    java.lang.String errorMessage -> b
    23:32:void <init>(java.lang.String) -> <init>
    34:41:void <init>(java.io.File) -> <init>
    59:60:void clear() -> a
    44:46:int compareTo(com.facebook.internal.instrument.errorreport.ErrorReportData) -> b
    69:79:org.json.JSONObject getParameters() -> c
    50:50:boolean isValid() -> d
    53:56:void save() -> e
    63:64:java.lang.String toString() -> toString
com.facebook.internal.instrument.errorreport.ErrorReportData$Companion -> com.facebook.internal.t0.o.d$a:
    82:82:void <init>() -> <init>