phecda_client/android_project/channel/build/outputs/mapping/release/usage.txt
androidx.core.transition.TransitionKt$doOnEnd$$inlined$addListener$1
com.facebook.appevents.FacebookSDKJSInterface$Companion
androidx.appcompat.widget.AppCompatCheckBox:
    public void <init>(android.content.Context)
com.google.android.gms.dynamite.DynamiteModule$VersionPolicy$zza
kotlin.jvm.internal.DoubleCompanionObject
kotlin.collections.GroupingKt__GroupingKt
com.g10016.brl.R$animator
androidx.core.app.ServiceCompat$StopForegroundFlags
androidx.loader.R$style
kotlin.UIntArray$Iterator
kotlin.KotlinVersionCurrentValue
androidx.core.net.ConnectivityManagerCompat
kotlin.CompareToKt
org.cocos2dx.okhttp3.internal.Version:
    private void <init>()
androidx.core.view.DisplayCompat$ModeCompat
androidx.browser.browseractions.BrowserActionsFallbackMenuAdapter$ViewHolderItem
androidx.customview.R$styleable
kotlin.reflect.TypeOfKt
android.support.v4.media.MediaBrowserCompat$ServiceBinderWrapper
com.facebook.internal.WebDialog$Builder:
    public final com.facebook.internal.WebDialog$Builder setTheme(int)
androidx.cardview.R
org.intellij.lang.annotations.JdkConstants
com.facebook.share.internal.CameraEffectJSONUtility$SETTERS$3
com.facebook.common.R$bool
androidx.media.R$integer
androidx.core.app.JobIntentService$JobServiceEngineImpl$WrapperWorkItem
androidx.core.graphics.RegionKt
kotlin.sequences.USequencesKt
androidx.core.app.NotificationCompatSideChannelService$NotificationSideChannelStub
androidx.activity.R$integer
com.tencent.bugly.proguard.ay:
    public static synchronized com.tencent.bugly.proguard.ay a()
org.intellij.lang.annotations.PrintFormatPattern
com.google.zxing.qrcode.decoder.DecodedBitStreamParser
kotlin.collections.builders.MapBuilderKeys
kotlin.collections.ArraysKt___ArraysKt$asSequence$$inlined$Sequence$4
kotlin.reflect.KProperty1$Getter
com.google.zxing.client.result.AddressBookAUResultParser
com.google.android.gms.common.internal.ServiceSpecificExtraArgs$GamesExtraArgs
com.google.zxing.oned.rss.RSS14Reader
kotlin.reflect.KDeclarationContainer
kotlin.coroutines.jvm.internal.DebugProbesKt
androidx.appcompat.view.menu.MenuPresenter:
    public abstract androidx.appcompat.view.menu.MenuView getMenuView(android.view.ViewGroup)
    public abstract int getId()
    public abstract android.os.Parcelable onSaveInstanceState()
    public abstract void onRestoreInstanceState(android.os.Parcelable)
androidx.drawerlayout.R$integer
kotlin.collections.AbstractMap$values$1
kotlin.io.path.PathsKt__PathRecursiveFunctionsKt$copyToRecursively$5
android.support.customtabs.ICustomTabsService:
    public abstract android.os.Bundle extraCommand(java.lang.String,android.os.Bundle)
    public abstract boolean updateVisuals(android.support.customtabs.ICustomTabsCallback,android.os.Bundle)
    public abstract boolean requestPostMessageChannel(android.support.customtabs.ICustomTabsCallback,android.net.Uri)
    public abstract int postMessage(android.support.customtabs.ICustomTabsCallback,java.lang.String,android.os.Bundle)
    public abstract boolean validateRelationship(android.support.customtabs.ICustomTabsCallback,int,android.net.Uri,android.os.Bundle)
androidx.core.content.SharedPreferencesCompat
androidx.appcompat.widget.LinearLayoutCompat$OrientationMode
android.support.v4.media.session.PlaybackStateCompat$RepeatMode
com.google.zxing.aztec.encoder.State:
    com.google.zxing.aztec.encoder.Token getToken()
kotlin.time.TimeSource$Monotonic
com.facebook.internal.FileLruCache$CloseCallbackOutputStream
androidx.drawerlayout.widget.DrawerLayout$SavedState$1
androidx.cardview.widget.CardView:
    public void <init>(android.content.Context)
    public void setContentPadding(int,int,int,int)
com.facebook.bolts.ExecutorException
com.facebook.share.model.CameraEffectArguments$Builder
com.facebook.FacebookDialog
androidx.core.hardware.fingerprint.FingerprintManagerCompat
androidx.lifecycle.livedata.R
kotlin.reflect.KMutableProperty0
androidx.core.graphics.MatrixKt
kotlin.text.StringsKt__IndentKt$getIndentFunction$1